<?xml version="1.0" encoding="UTF-8"?>
<!-- Generated by org.testng.reporters.JUnitReportReporter -->
<testsuite skipped="0" hostname="LAPTOP-MTH56964" name="MercadoLibre.LoginDataDrivenTestCase" tests="1" failures="0" timestamp="25 feb 2018 21:29:43 GMT" time="11.917" errors="0">
  <testcase name="LoginBS" time="11.917" classname="MercadoLibre.LoginDataDrivenTestCase"/>
</testsuite> <!-- MercadoLibre.LoginDataDrivenTestCase -->
