<?xml version="1.0" encoding="UTF-8"?>
<!-- Generated by org.testng.reporters.JUnitReportReporter -->
<testsuite skipped="0" hostname="LAPTOP-MTH56964" name="MercadoLibre.SearchByCategorySportsBikesWithActionsTestCase" tests="1" failures="0" timestamp="28 feb 2018 23:46:51 GMT" time="34.343" errors="0">
  <testcase name="SearchByCategorySportsBikes" time="34.343" classname="MercadoLibre.SearchByCategorySportsBikesWithActionsTestCase"/>
</testsuite> <!-- MercadoLibre.SearchByCategorySportsBikesWithActionsTestCase -->
