<?xml version="1.0" encoding="UTF-8"?>
<!-- Generated by org.testng.reporters.JUnitReportReporter -->
<testsuite skipped="0" hostname="LAPTOP-MTH56964" name="MercadoLibre.HelpTakeGoodPhotosTestCase" tests="1" failures="0" timestamp="03 mar 2018 21:54:36 GMT" time="13.101" errors="0">
  <testcase name="HelpTakeGoodPhotos" time="13.101" classname="MercadoLibre.HelpTakeGoodPhotosTestCase"/>
</testsuite> <!-- MercadoLibre.HelpTakeGoodPhotosTestCase -->
