<?xml version="1.0" encoding="UTF-8"?>
<!-- Generated by org.testng.reporters.JUnitReportReporter -->
<testsuite skipped="0" hostname="LAPTOP-MTH56964" name="MercadoLibre.LoginWithErrorsTestCase" tests="1" failures="0" timestamp="03 mar 2018 21:58:34 GMT" time="17.640" errors="0">
  <testcase name="Login" time="17.640" classname="MercadoLibre.LoginWithErrorsTestCase"/>
</testsuite> <!-- MercadoLibre.LoginWithErrorsTestCase -->
