<?xml version="1.0" encoding="UTF-8"?>
<!-- Generated by org.testng.reporters.JUnitReportReporter -->
<testsuite skipped="0" hostname="LAPTOP-MTH56964" name="MercadoLibre.SearchHelpHowBuyTestCase" tests="1" failures="0" timestamp="03 mar 2018 21:54:36 GMT" time="6.940" errors="0">
  <testcase name="SearchHelpHowBuy" time="6.940" classname="MercadoLibre.SearchHelpHowBuyTestCase"/>
</testsuite> <!-- MercadoLibre.SearchHelpHowBuyTestCase -->
