<?xml version="1.0" encoding="UTF-8"?>
<!-- Generated by org.testng.reporters.JUnitReportReporter -->
<testsuite skipped="0" hostname="LAPTOP-MTH56964" name="MercadoLibre.MoreInformationMercadoPagoTestCase" tests="1" failures="0" timestamp="03 mar 2018 21:56:40 GMT" time="4.805" errors="0">
  <testcase name="MoreInformationMercadoPago" time="4.805" classname="MercadoLibre.MoreInformationMercadoPagoTestCase"/>
</testsuite> <!-- MercadoLibre.MoreInformationMercadoPagoTestCase -->
