<?xml version="1.0" encoding="UTF-8"?>
<!-- Generated by org.testng.reporters.JUnitReportReporter -->
<testsuite skipped="0" hostname="LAPTOP-MTH56964" name="MercadoLibre.CountLinksMoreInformationTestCase" tests="1" failures="0" timestamp="28 feb 2018 23:48:49 GMT" time="8.034" errors="0">
  <testcase name="CountLinksMoreInformation" time="8.034" classname="MercadoLibre.CountLinksMoreInformationTestCase"/>
</testsuite> <!-- MercadoLibre.CountLinksMoreInformationTestCase -->
