<?xml version="1.0" encoding="UTF-8"?>
<!-- Generated by org.testng.reporters.JUnitReportReporter -->
<testsuite skipped="0" hostname="LAPTOP-MTH56964" name="MercadoLibre.LoginDataDrivenTestCase" tests="1" failures="0" timestamp="03 mar 2018 21:58:34 GMT" time="12.562" errors="0">
  <testcase name="LoginBS" time="12.562" classname="MercadoLibre.LoginDataDrivenTestCase"/>
</testsuite> <!-- MercadoLibre.LoginDataDrivenTestCase -->
