<?xml version="1.0" encoding="UTF-8"?>
<!-- Generated by org.testng.reporters.JUnitReportReporter -->
<testsuite skipped="0" hostname="LAPTOP-MTH56964" name="MercadoLibre.SearchHelpHowBuyTestCase" tests="1" failures="0" timestamp="25 feb 2018 21:23:16 GMT" time="22.816" errors="0">
  <testcase name="SearchHelpHowBuy" time="22.816" classname="MercadoLibre.SearchHelpHowBuyTestCase"/>
</testsuite> <!-- MercadoLibre.SearchHelpHowBuyTestCase -->
