<?xml version="1.0" encoding="UTF-8"?>
<!-- Generated by org.testng.reporters.JUnitReportReporter -->
<testsuite skipped="0" hostname="LAPTOP-MTH56964" name="MercadoLibre.MyReputationTestCase" tests="1" failures="0" timestamp="28 feb 2018 23:29:35 GMT" time="44.826" errors="0">
  <testcase name="MyReputation" time="44.826" classname="MercadoLibre.MyReputationTestCase"/>
</testsuite> <!-- MercadoLibre.MyReputationTestCase -->
