<?xml version="1.0" encoding="UTF-8"?>
<!-- Generated by org.testng.reporters.JUnitReportReporter -->
<testsuite skipped="0" hostname="LAPTOP-MTH56964" name="MercadoLibre.SearchSonyCamaraTiendaOficialTestCase" tests="1" failures="0" timestamp="03 mar 2018 22:04:46 GMT" time="40.248" errors="0">
  <testcase name="SearchSonyCamaraTiendaOficial" time="40.248" classname="MercadoLibre.SearchSonyCamaraTiendaOficialTestCase"/>
</testsuite> <!-- MercadoLibre.SearchSonyCamaraTiendaOficialTestCase -->
