<?xml version="1.0" encoding="UTF-8"?>
<!-- Generated by org.testng.reporters.JUnitReportReporter -->
<testsuite skipped="0" hostname="LAPTOP-MTH56964" name="MercadoLibre.MyReputationTestCase" tests="1" failures="0" timestamp="03 mar 2018 22:02:19 GMT" time="15.762" errors="0">
  <testcase name="MyReputation" time="15.762" classname="MercadoLibre.MyReputationTestCase"/>
</testsuite> <!-- MercadoLibre.MyReputationTestCase -->
