<?xml version="1.0" encoding="UTF-8"?>
<!-- Generated by org.testng.reporters.JUnitReportReporter -->
<testsuite skipped="0" hostname="LAPTOP-MTH56964" name="MercadoLibre.MoreInformationMercadoPagoTestCase" tests="1" failures="0" timestamp="25 feb 2018 21:24:26 GMT" time="12.666" errors="0">
  <testcase name="MoreInformationMercadoPago" time="12.666" classname="MercadoLibre.MoreInformationMercadoPagoTestCase"/>
</testsuite> <!-- MercadoLibre.MoreInformationMercadoPagoTestCase -->
