<?xml version="1.0" encoding="UTF-8"?>
<!-- Generated by org.testng.reporters.JUnitReportReporter -->
<testsuite skipped="0" hostname="LAPTOP-MTH56964" name="MercadoLibre.HelpTakeGoodPhotosTestCase" tests="1" failures="0" timestamp="25 feb 2018 21:23:16 GMT" time="26.502" errors="0">
  <testcase name="HelpTakeGoodPhotos" time="26.502" classname="MercadoLibre.HelpTakeGoodPhotosTestCase"/>
</testsuite> <!-- MercadoLibre.HelpTakeGoodPhotosTestCase -->
