<?xml version="1.0" encoding="UTF-8"?>
<!-- Generated by org.testng.reporters.JUnitReportReporter -->
<testsuite skipped="0" hostname="LAPTOP-MTH56964" name="MercadoLibre.SearchPS4TiendaNoOficialTestCase" tests="1" failures="0" timestamp="28 feb 2018 23:45:10 GMT" time="32.679" errors="0">
  <testcase name="SearchPS4TiendaNoOficial" time="32.679" classname="MercadoLibre.SearchPS4TiendaNoOficialTestCase"/>
</testsuite> <!-- MercadoLibre.SearchPS4TiendaNoOficialTestCase -->
