<?xml version="1.0" encoding="UTF-8"?>
<!-- Generated by org.testng.reporters.JUnitReportReporter -->
<testsuite skipped="0" hostname="LAPTOP-MTH56964" name="MercadoLibre.SearchPS4TiendaNoOficialTestCase" tests="1" failures="0" timestamp="03 mar 2018 22:06:39 GMT" time="13.901" errors="0">
  <testcase name="SearchPS4TiendaNoOficial" time="13.901" classname="MercadoLibre.SearchPS4TiendaNoOficialTestCase"/>
</testsuite> <!-- MercadoLibre.SearchPS4TiendaNoOficialTestCase -->
