<?xml version="1.0" encoding="UTF-8"?>
<!-- Generated by org.testng.reporters.JUnitReportReporter -->
<testsuite skipped="0" hostname="LAPTOP-MTH56964" name="MercadoLibre.LoginWithErrorsTestCase" tests="1" failures="0" timestamp="25 feb 2018 21:33:11 GMT" time="21.341" errors="0">
  <testcase name="Login" time="21.341" classname="MercadoLibre.LoginWithErrorsTestCase"/>
</testsuite> <!-- MercadoLibre.LoginWithErrorsTestCase -->
