<?xml version="1.0" encoding="UTF-8"?>
<!-- Generated by org.testng.reporters.JUnitReportReporter -->
<testsuite skipped="0" hostname="LAPTOP-MTH56964" name="MercadoLibre.SearchNotFoundBikesByPriceTestCase" tests="1" failures="0" timestamp="28 feb 2018 23:45:10 GMT" time="24.046" errors="0">
  <testcase name="SearchNotFoundBikesByPrice" time="24.046" classname="MercadoLibre.SearchNotFoundBikesByPriceTestCase"/>
</testsuite> <!-- MercadoLibre.SearchNotFoundBikesByPriceTestCase -->
