<?xml version="1.0" encoding="UTF-8"?>
<!-- Generated by org.testng.reporters.JUnitReportReporter -->
<testsuite skipped="0" hostname="LAPTOP-MTH56964" name="MercadoLibre.LoginDataDrivenTestCase" tests="1" failures="0" timestamp="16 feb 2018 00:54:20 GMT" time="14.676" errors="0">
  <testcase name="LoginBS" time="14.676" classname="MercadoLibre.LoginDataDrivenTestCase"/>
</testsuite> <!-- MercadoLibre.LoginDataDrivenTestCase -->
