<?xml version="1.0" encoding="UTF-8"?>
<!-- Generated by org.testng.reporters.JUnitReportReporter -->
<testsuite skipped="0" hostname="LAPTOP-MTH56964" name="MercadoLibre.MoreInformationMercadoPagoTestCase" tests="1" failures="0" timestamp="16 feb 2018 00:43:33 GMT" time="20.255" errors="0">
  <testcase name="MoreInformationMercadoPago" time="20.255" classname="MercadoLibre.MoreInformationMercadoPagoTestCase"/>
</testsuite> <!-- MercadoLibre.MoreInformationMercadoPagoTestCase -->
