<?xml version="1.0" encoding="UTF-8"?>
<!-- Generated by org.testng.reporters.JUnitReportReporter -->
<testsuite skipped="0" hostname="LAPTOP-MTH56964" name="MercadoLibre.MyReputationTestCase" tests="1" failures="0" timestamp="16 feb 2018 01:00:33 GMT" time="40.354" errors="0">
  <testcase name="MyReputation" time="40.354" classname="MercadoLibre.MyReputationTestCase"/>
</testsuite> <!-- MercadoLibre.MyReputationTestCase -->
