<?xml version="1.0" encoding="UTF-8"?>
<!-- Generated by org.testng.reporters.JUnitReportReporter -->
<testsuite skipped="0" hostname="LAPTOP-MTH56964" name="MercadoLibre.LoginWithErrorsTestCase" tests="1" failures="0" timestamp="16 feb 2018 00:54:19 GMT" time="18.433" errors="0">
  <testcase name="Login" time="18.433" classname="MercadoLibre.LoginWithErrorsTestCase"/>
</testsuite> <!-- MercadoLibre.LoginWithErrorsTestCase -->
